\BOOKMARK [0][-]{chapter.1}{\376\377\0001\000\040\000M\000a\000i\000n\000\040\000P\000a\000g\000e}{}% 1
\BOOKMARK [1][-]{section.1.1}{\376\377\0001\000.\0001\000\040\000S\000o\000f\000t\000w\000a\000r\000e}{chapter.1}% 2
\BOOKMARK [2][-]{subsection.1.1.1}{\376\377\0001\000.\0001\000.\0001\000\040\000P\000r\000o\000j\000e\000c\000t\000\040\000S\000t\000r\000u\000c\000t\000u\000r\000e}{section.1.1}% 3
\BOOKMARK [2][-]{subsection.1.1.2}{\376\377\0001\000.\0001\000.\0002\000\040\000U\000s\000i\000n\000g\000\040\000t\000h\000i\000s\000\040\000R\000e\000p\000o\000s\000i\000t\000o\000r\000y}{section.1.1}% 4
\BOOKMARK [3][-]{subsubsection.1.1.2.1}{\376\377\0001\000.\0001\000.\0002\000.\0001\000\040\000P\000r\000e\000r\000e\000q\000u\000i\000s\000i\000t\000e\000s}{subsection.1.1.2}% 5
\BOOKMARK [3][-]{subsubsection.1.1.2.2}{\376\377\0001\000.\0001\000.\0002\000.\0002\000\040\000S\000e\000t\000u\000p}{subsection.1.1.2}% 6
\BOOKMARK [3][-]{subsubsection.1.1.2.3}{\376\377\0001\000.\0001\000.\0002\000.\0003\000\040\000T\000e\000s\000t\000i\000n\000g}{subsection.1.1.2}% 7
\BOOKMARK [3][-]{subsubsection.1.1.2.4}{\376\377\0001\000.\0001\000.\0002\000.\0004\000\040\000D\000o\000c\000u\000m\000e\000n\000t\000a\000t\000i\000o\000n}{subsection.1.1.2}% 8
\BOOKMARK [2][-]{subsection.1.1.3}{\376\377\0001\000.\0001\000.\0003\000\040\000L\000i\000b\000r\000a\000r\000i\000e\000s}{section.1.1}% 9
\BOOKMARK [3][-]{subsubsection.1.1.3.1}{\376\377\0001\000.\0001\000.\0003\000.\0001\000\040\000A\000r\000d\000u\000i\000n\000o\000J\000s\000o\000n}{subsection.1.1.3}% 10
\BOOKMARK [3][-]{subsubsection.1.1.3.2}{\376\377\0001\000.\0001\000.\0003\000.\0002\000\040\000I\000R\000r\000e\000m\000o\000t\000e\000E\000S\000P\0008\0002\0006\0006}{subsection.1.1.3}% 11
\BOOKMARK [3][-]{subsubsection.1.1.3.3}{\376\377\0001\000.\0001\000.\0003\000.\0003\000\040\000N\000T\000P\000C\000l\000i\000e\000n\000t}{subsection.1.1.3}% 12
\BOOKMARK [3][-]{subsubsection.1.1.3.4}{\376\377\0001\000.\0001\000.\0003\000.\0004\000\040\000R\000e\000g\000e\000x\000p}{subsection.1.1.3}% 13
\BOOKMARK [3][-]{subsubsection.1.1.3.5}{\376\377\0001\000.\0001\000.\0003\000.\0005\000\040\000W\000i\000F\000i\000M\000a\000n\000a\000g\000e\000r}{subsection.1.1.3}% 14
\BOOKMARK [2][-]{subsection.1.1.4}{\376\377\0001\000.\0001\000.\0004\000\040\000L\000o\000g\000i\000c\000a\000l\000\040\000S\000t\000r\000u\000c\000t\000u\000r\000e}{section.1.1}% 15
\BOOKMARK [3][-]{subsubsection.1.1.4.1}{\376\377\0001\000.\0001\000.\0004\000.\0001\000\040\000S\000e\000t\000u\000p}{subsection.1.1.4}% 16
\BOOKMARK [3][-]{subsubsection.1.1.4.2}{\376\377\0001\000.\0001\000.\0004\000.\0002\000\040\000L\000i\000t\000t\000l\000e\000F\000S}{subsection.1.1.4}% 17
\BOOKMARK [3][-]{subsubsection.1.1.4.3}{\376\377\0001\000.\0001\000.\0004\000.\0003\000\040\000W\000e\000b\000s\000e\000r\000v\000e\000r}{subsection.1.1.4}% 18
\BOOKMARK [3][-]{subsubsection.1.1.4.4}{\376\377\0001\000.\0001\000.\0004\000.\0004\000\040\000T\000i\000m\000e\000\040\000M\000a\000n\000a\000g\000e\000m\000e\000n\000t}{subsection.1.1.4}% 19
\BOOKMARK [2][-]{subsection.1.1.5}{\376\377\0001\000.\0001\000.\0005\000\040\000P\000r\000o\000g\000r\000a\000m\000s}{section.1.1}% 20
\BOOKMARK [3][-]{subsubsection.1.1.5.1}{\376\377\0001\000.\0001\000.\0005\000.\0001\000\040\000p\000l\000a\000y}{subsection.1.1.5}% 21
\BOOKMARK [3][-]{subsubsection.1.1.5.2}{\376\377\0001\000.\0001\000.\0005\000.\0002\000\040\000w\000a\000i\000t}{subsection.1.1.5}% 22
\BOOKMARK [3][-]{subsubsection.1.1.5.3}{\376\377\0001\000.\0001\000.\0005\000.\0003\000\040\000t\000i\000m\000e}{subsection.1.1.5}% 23
\BOOKMARK [3][-]{subsubsection.1.1.5.4}{\376\377\0001\000.\0001\000.\0005\000.\0004\000\040\000d\000a\000y}{subsection.1.1.5}% 24
\BOOKMARK [3][-]{subsubsection.1.1.5.5}{\376\377\0001\000.\0001\000.\0005\000.\0005\000\040\000s\000k\000i\000p}{subsection.1.1.5}% 25
\BOOKMARK [3][-]{subsubsection.1.1.5.6}{\376\377\0001\000.\0001\000.\0005\000.\0006\000\040\000l\000o\000o\000p}{subsection.1.1.5}% 26
\BOOKMARK [1][-]{section.1.2}{\376\377\0001\000.\0002\000\040\000H\000a\000r\000d\000w\000a\000r\000e}{chapter.1}% 27
\BOOKMARK [2][-]{subsection.1.2.1}{\376\377\0001\000.\0002\000.\0001\000\040\000C\000o\000m\000p\000o\000n\000e\000n\000t\000s}{section.1.2}% 28
\BOOKMARK [3][-]{subsubsection.1.2.1.1}{\376\377\0001\000.\0002\000.\0001\000.\0001\000\040\000M\000i\000c\000r\000o\000c\000o\000n\000t\000r\000o\000l\000l\000e\000r\000\040\000\050\000E\000S\000P\0008\0002\0006\0006\000\051}{subsection.1.2.1}% 29
\BOOKMARK [3][-]{subsubsection.1.2.1.2}{\376\377\0001\000.\0002\000.\0001\000.\0002\000\040\000I\000R\000-\000L\000E\000D}{subsection.1.2.1}% 30
\BOOKMARK [3][-]{subsubsection.1.2.1.3}{\376\377\0001\000.\0002\000.\0001\000.\0003\000\040\000I\000R\000-\000R\000e\000c\000e\000i\000v\000e\000r}{subsection.1.2.1}% 31
\BOOKMARK [3][-]{subsubsection.1.2.1.4}{\376\377\0001\000.\0002\000.\0001\000.\0004\000\040\000P\000o\000w\000e\000r\000\040\000S\000u\000p\000p\000l\000y}{subsection.1.2.1}% 32
\BOOKMARK [2][-]{subsection.1.2.2}{\376\377\0001\000.\0002\000.\0002\000\040\000S\000c\000h\000e\000m\000a\000t\000i\000c}{section.1.2}% 33
\BOOKMARK [0][-]{chapter.2}{\376\377\0002\000\040\000F\000i\000l\000e\000\040\000I\000n\000d\000e\000x}{}% 34
\BOOKMARK [1][-]{section.2.1}{\376\377\0002\000.\0001\000\040\000F\000i\000l\000e\000\040\000L\000i\000s\000t}{chapter.2}% 35
\BOOKMARK [0][-]{chapter.3}{\376\377\0003\000\040\000F\000i\000l\000e\000\040\000D\000o\000c\000u\000m\000e\000n\000t\000a\000t\000i\000o\000n}{}% 36
\BOOKMARK [1][-]{section.3.1}{\376\377\0003\000.\0001\000\040\000i\000n\000c\000l\000u\000d\000e\000/\000b\000a\000s\000e\000.\000h\000\040\000F\000i\000l\000e\000\040\000R\000e\000f\000e\000r\000e\000n\000c\000e}{chapter.3}% 37
\BOOKMARK [2][-]{subsection.3.1.1}{\376\377\0003\000.\0001\000.\0001\000\040\000D\000e\000t\000a\000i\000l\000e\000d\000\040\000D\000e\000s\000c\000r\000i\000p\000t\000i\000o\000n}{section.3.1}% 38
\BOOKMARK [2][-]{subsection.3.1.2}{\376\377\0003\000.\0001\000.\0002\000\040\000F\000u\000n\000c\000t\000i\000o\000n\000\040\000D\000o\000c\000u\000m\000e\000n\000t\000a\000t\000i\000o\000n}{section.3.1}% 39
\BOOKMARK [3][-]{subsubsection.3.1.2.1}{\376\377\0003\000.\0001\000.\0002\000.\0001\000\040\000a\000d\000d\000\137\000t\000i\000m\000e\000\050\000\051}{subsection.3.1.2}% 40
\BOOKMARK [3][-]{subsubsection.3.1.2.2}{\376\377\0003\000.\0001\000.\0002\000.\0002\000\040\000c\000a\000p\000t\000u\000r\000e\000\137\000s\000i\000g\000n\000a\000l\000\050\000\051}{subsection.3.1.2}% 41
\BOOKMARK [3][-]{subsubsection.3.1.2.3}{\376\377\0003\000.\0001\000.\0002\000.\0003\000\040\000c\000h\000e\000c\000k\000\137\000a\000n\000d\000\137\000u\000p\000d\000a\000t\000e\000\137\000o\000f\000f\000s\000e\000t\000\050\000\051}{subsection.3.1.2}% 42
\BOOKMARK [3][-]{subsubsection.3.1.2.4}{\376\377\0003\000.\0001\000.\0002\000.\0004\000\040\000c\000h\000e\000c\000k\000\137\000i\000f\000\137\000f\000i\000l\000e\000\137\000e\000x\000i\000s\000t\000s\000\050\000\051}{subsection.3.1.2}% 43
\BOOKMARK [3][-]{subsubsection.3.1.2.5}{\376\377\0003\000.\0001\000.\0002\000.\0005\000\040\000c\000h\000e\000c\000k\000\137\000i\000f\000\137\000s\000t\000r\000i\000n\000g\000\137\000i\000s\000\137\000a\000l\000p\000h\000a\000n\000u\000m\000e\000r\000i\000c\000\050\000\051}{subsection.3.1.2}% 44
\BOOKMARK [3][-]{subsubsection.3.1.2.6}{\376\377\0003\000.\0001\000.\0002\000.\0006\000\040\000c\000o\000m\000p\000a\000r\000e\000\137\000t\000i\000m\000e\000\050\000\051}{subsection.3.1.2}% 45
\BOOKMARK [3][-]{subsubsection.3.1.2.7}{\376\377\0003\000.\0001\000.\0002\000.\0007\000\040\000c\000o\000n\000t\000r\000o\000l\000\137\000l\000e\000d\000\137\000o\000u\000t\000p\000u\000t\000\050\000\051}{subsection.3.1.2}% 46
\BOOKMARK [3][-]{subsubsection.3.1.2.8}{\376\377\0003\000.\0001\000.\0002\000.\0008\000\040\000g\000e\000t\000\137\000c\000u\000r\000r\000e\000n\000t\000\137\000t\000i\000m\000e\000\050\000\051}{subsection.3.1.2}% 47
\BOOKMARK [3][-]{subsubsection.3.1.2.9}{\376\377\0003\000.\0001\000.\0002\000.\0009\000\040\000g\000e\000t\000\137\000f\000i\000l\000e\000s\000\050\000\051}{subsection.3.1.2}% 48
\BOOKMARK [3][-]{subsubsection.3.1.2.10}{\376\377\0003\000.\0001\000.\0002\000.\0001\0000\000\040\000i\000n\000i\000t\000\137\000t\000i\000m\000e\000\050\000\051}{subsection.3.1.2}% 49
\BOOKMARK [3][-]{subsubsection.3.1.2.11}{\376\377\0003\000.\0001\000.\0002\000.\0001\0001\000\040\000l\000o\000a\000d\000\137\000j\000s\000o\000n\000\050\000\051}{subsection.3.1.2}% 50
\BOOKMARK [3][-]{subsubsection.3.1.2.12}{\376\377\0003\000.\0001\000.\0002\000.\0001\0002\000\040\000r\000e\000a\000d\000\137\000p\000r\000o\000g\000r\000a\000m\000\050\000\051}{subsection.3.1.2}% 51
\BOOKMARK [3][-]{subsubsection.3.1.2.13}{\376\377\0003\000.\0001\000.\0002\000.\0001\0003\000\040\000s\000a\000v\000e\000\137\000j\000s\000o\000n\000\050\000\051}{subsection.3.1.2}% 52
\BOOKMARK [3][-]{subsubsection.3.1.2.14}{\376\377\0003\000.\0001\000.\0002\000.\0001\0004\000\040\000s\000a\000v\000e\000\137\000s\000i\000g\000n\000a\000l\000\050\000\051}{subsection.3.1.2}% 53
\BOOKMARK [3][-]{subsubsection.3.1.2.15}{\376\377\0003\000.\0001\000.\0002\000.\0001\0005\000\040\000s\000e\000n\000d\000\137\000s\000i\000g\000n\000a\000l\000\050\000\051}{subsection.3.1.2}% 54
\BOOKMARK [3][-]{subsubsection.3.1.2.16}{\376\377\0003\000.\0001\000.\0002\000.\0001\0006\000\040\000t\000u\000r\000n\000\137\000s\000e\000c\000o\000n\000d\000s\000\137\000i\000n\000\137\000t\000i\000m\000e\000\050\000\051}{subsection.3.1.2}% 55
\BOOKMARK [3][-]{subsubsection.3.1.2.17}{\376\377\0003\000.\0001\000.\0002\000.\0001\0007\000\040\000u\000p\000d\000a\000t\000e\000\137\000t\000i\000m\000e\000\050\000\051}{subsection.3.1.2}% 56
\BOOKMARK [3][-]{subsubsection.3.1.2.18}{\376\377\0003\000.\0001\000.\0002\000.\0001\0008\000\040\000w\000e\000e\000k\000d\000a\000y\000\137\000t\000o\000\137\000n\000u\000m\000\050\000\051}{subsection.3.1.2}% 57
\BOOKMARK [1][-]{section.3.2}{\376\377\0003\000.\0002\000\040\000i\000n\000c\000l\000u\000d\000e\000/\000m\000a\000i\000n\000.\000h\000\040\000F\000i\000l\000e\000\040\000R\000e\000f\000e\000r\000e\000n\000c\000e}{chapter.3}% 58
\BOOKMARK [2][-]{subsection.3.2.1}{\376\377\0003\000.\0002\000.\0001\000\040\000D\000e\000t\000a\000i\000l\000e\000d\000\040\000D\000e\000s\000c\000r\000i\000p\000t\000i\000o\000n}{section.3.2}% 59
\BOOKMARK [2][-]{subsection.3.2.2}{\376\377\0003\000.\0002\000.\0002\000\040\000F\000u\000n\000c\000t\000i\000o\000n\000\040\000D\000o\000c\000u\000m\000e\000n\000t\000a\000t\000i\000o\000n}{section.3.2}% 60
\BOOKMARK [3][-]{subsubsection.3.2.2.1}{\376\377\0003\000.\0002\000.\0002\000.\0001\000\040\000h\000a\000n\000d\000l\000e\000\137\000a\000p\000i\000n\000f\000o\000\050\000\051}{subsection.3.2.2}% 61
\BOOKMARK [3][-]{subsubsection.3.2.2.2}{\376\377\0003\000.\0002\000.\0002\000.\0002\000\040\000h\000a\000n\000d\000l\000e\000\137\000a\000p\000m\000o\000d\000e\000\050\000\051}{subsection.3.2.2}% 62
\BOOKMARK [3][-]{subsubsection.3.2.2.3}{\376\377\0003\000.\0002\000.\0002\000.\0003\000\040\000h\000a\000n\000d\000l\000e\000\137\000c\000r\000e\000d\000e\000n\000t\000i\000a\000l\000s\000\050\000\051}{subsection.3.2.2}% 63
\BOOKMARK [3][-]{subsubsection.3.2.2.4}{\376\377\0003\000.\0002\000.\0002\000.\0004\000\040\000h\000a\000n\000d\000l\000e\000\137\000e\000r\000r\000o\000r\000\050\000\051}{subsection.3.2.2}% 64
\BOOKMARK [3][-]{subsubsection.3.2.2.5}{\376\377\0003\000.\0002\000.\0002\000.\0005\000\040\000h\000a\000n\000d\000l\000e\000\137\000f\000i\000l\000e\000s\000\050\000\051}{subsection.3.2.2}% 65
\BOOKMARK [3][-]{subsubsection.3.2.2.6}{\376\377\0003\000.\0002\000.\0002\000.\0006\000\040\000h\000a\000n\000d\000l\000e\000\137\000f\000o\000r\000m\000\050\000\051}{subsection.3.2.2}% 66
\BOOKMARK [3][-]{subsubsection.3.2.2.7}{\376\377\0003\000.\0002\000.\0002\000.\0007\000\040\000h\000a\000n\000d\000l\000e\000\137\000n\000o\000t\000\137\000f\000o\000u\000n\000d\000\050\000\051}{subsection.3.2.2}% 67
\BOOKMARK [3][-]{subsubsection.3.2.2.8}{\376\377\0003\000.\0002\000.\0002\000.\0008\000\040\000h\000a\000n\000d\000l\000e\000\137\000p\000a\000s\000s\000w\000o\000r\000d\000\050\000\051}{subsection.3.2.2}% 68
\BOOKMARK [3][-]{subsubsection.3.2.2.9}{\376\377\0003\000.\0002\000.\0002\000.\0009\000\040\000h\000a\000n\000d\000l\000e\000\137\000p\000r\000o\000g\000r\000a\000m\000\050\000\051}{subsection.3.2.2}% 69
\BOOKMARK [3][-]{subsubsection.3.2.2.10}{\376\377\0003\000.\0002\000.\0002\000.\0001\0000\000\040\000h\000a\000n\000d\000l\000e\000\137\000r\000o\000o\000t\000\050\000\051}{subsection.3.2.2}% 70
\BOOKMARK [3][-]{subsubsection.3.2.2.11}{\376\377\0003\000.\0002\000.\0002\000.\0001\0001\000\040\000h\000a\000n\000d\000l\000e\000\137\000t\000i\000m\000e\000\050\000\051}{subsection.3.2.2}% 71
\BOOKMARK [3][-]{subsubsection.3.2.2.12}{\376\377\0003\000.\0002\000.\0002\000.\0001\0002\000\040\000s\000e\000r\000v\000e\000r\000\050\000\051}{subsection.3.2.2}% 72
\BOOKMARK [2][-]{subsection.3.2.3}{\376\377\0003\000.\0002\000.\0003\000\040\000V\000a\000r\000i\000a\000b\000l\000e\000\040\000D\000o\000c\000u\000m\000e\000n\000t\000a\000t\000i\000o\000n}{section.3.2}% 73
\BOOKMARK [3][-]{subsubsection.3.2.3.1}{\376\377\0003\000.\0002\000.\0003\000.\0001\000\040\000A\000P\000\137\000S\000E\000T\000T\000I\000N\000G}{subsection.3.2.3}% 74
\BOOKMARK [3][-]{subsubsection.3.2.3.2}{\376\377\0003\000.\0002\000.\0003\000.\0002\000\040\000M\000E\000S\000S\000A\000G\000E}{subsection.3.2.3}% 75
\BOOKMARK [3][-]{subsubsection.3.2.3.3}{\376\377\0003\000.\0002\000.\0003\000.\0003\000\040\000P\000R\000O\000G\000R\000A\000M\000N\000A\000M\000E}{subsection.3.2.3}% 76
\BOOKMARK [3][-]{subsubsection.3.2.3.4}{\376\377\0003\000.\0002\000.\0003\000.\0004\000\040\000S\000E\000S\000S\000I\000O\000N\000\137\000A\000P}{subsection.3.2.3}% 77
\BOOKMARK [1][-]{section.3.3}{\376\377\0003\000.\0003\000\040\000i\000n\000c\000l\000u\000d\000e\000/\000t\000e\000s\000t\000s\000.\000h\000\040\000F\000i\000l\000e\000\040\000R\000e\000f\000e\000r\000e\000n\000c\000e}{chapter.3}% 78
\BOOKMARK [2][-]{subsection.3.3.1}{\376\377\0003\000.\0003\000.\0001\000\040\000D\000e\000t\000a\000i\000l\000e\000d\000\040\000D\000e\000s\000c\000r\000i\000p\000t\000i\000o\000n}{section.3.3}% 79
\BOOKMARK [2][-]{subsection.3.3.2}{\376\377\0003\000.\0003\000.\0002\000\040\000F\000u\000n\000c\000t\000i\000o\000n\000\040\000D\000o\000c\000u\000m\000e\000n\000t\000a\000t\000i\000o\000n}{section.3.3}% 80
\BOOKMARK [3][-]{subsubsection.3.3.2.1}{\376\377\0003\000.\0003\000.\0002\000.\0001\000\040\000c\000l\000e\000a\000n\000\137\000L\000i\000t\000t\000l\000e\000F\000S\000\050\000\051}{subsection.3.3.2}% 81
\BOOKMARK [3][-]{subsubsection.3.3.2.2}{\376\377\0003\000.\0003\000.\0002\000.\0002\000\040\000e\000m\000p\000i\000r\000i\000c\000a\000l\000\137\000t\000e\000s\000t\000\137\000g\000e\000t\000\137\000N\000T\000P\000\137\000t\000i\000m\000e\000\050\000\051}{subsection.3.3.2}% 82
\BOOKMARK [3][-]{subsubsection.3.3.2.3}{\376\377\0003\000.\0003\000.\0002\000.\0003\000\040\000r\000u\000n\000\137\000a\000l\000l\000\137\000e\000m\000p\000i\000r\000i\000c\000a\000l\000\137\000t\000e\000s\000t\000s\000\050\000\051}{subsection.3.3.2}% 83
\BOOKMARK [3][-]{subsubsection.3.3.2.4}{\376\377\0003\000.\0003\000.\0002\000.\0004\000\040\000r\000u\000n\000\137\000a\000l\000l\000\137\000f\000i\000l\000e\000s\000y\000s\000t\000e\000m\000\137\000t\000e\000s\000t\000s\000\050\000\051}{subsection.3.3.2}% 84
\BOOKMARK [3][-]{subsubsection.3.3.2.5}{\376\377\0003\000.\0003\000.\0002\000.\0005\000\040\000r\000u\000n\000\137\000a\000l\000l\000\137\000t\000e\000s\000t\000s\000\050\000\051}{subsection.3.3.2}% 85
\BOOKMARK [3][-]{subsubsection.3.3.2.6}{\376\377\0003\000.\0003\000.\0002\000.\0006\000\040\000r\000u\000n\000\137\000a\000l\000l\000\137\000t\000i\000m\000e\000\137\000m\000a\000n\000a\000g\000e\000m\000e\000n\000t\000\137\000t\000e\000s\000t\000s\000\050\000\051}{subsection.3.3.2}% 86
\BOOKMARK [3][-]{subsubsection.3.3.2.7}{\376\377\0003\000.\0003\000.\0002\000.\0007\000\040\000r\000u\000n\000\137\000a\000l\000l\000\137\000w\000o\000r\000k\000f\000l\000o\000w\000s\000\137\000t\000e\000s\000t\000s\000\050\000\051}{subsection.3.3.2}% 87
\BOOKMARK [3][-]{subsubsection.3.3.2.8}{\376\377\0003\000.\0003\000.\0002\000.\0008\000\040\000t\000e\000s\000t\000\137\000a\000d\000d\000\137\000t\000i\000m\000e\000\050\000\051}{subsection.3.3.2}% 88
\BOOKMARK [3][-]{subsubsection.3.3.2.9}{\376\377\0003\000.\0003\000.\0002\000.\0009\000\040\000t\000e\000s\000t\000\137\000a\000d\000d\000i\000n\000g\000\137\000w\000o\000r\000k\000f\000l\000o\000w\000\050\000\051}{subsection.3.3.2}% 89
\BOOKMARK [3][-]{subsubsection.3.3.2.10}{\376\377\0003\000.\0003\000.\0002\000.\0001\0000\000\040\000t\000e\000s\000t\000\137\000c\000a\000p\000t\000u\000r\000e\000\137\000s\000i\000g\000n\000a\000l\000\050\000\051}{subsection.3.3.2}% 90
\BOOKMARK [3][-]{subsubsection.3.3.2.11}{\376\377\0003\000.\0003\000.\0002\000.\0001\0001\000\040\000t\000e\000s\000t\000\137\000c\000h\000e\000c\000k\000\137\000a\000n\000d\000\137\000u\000p\000d\000a\000t\000e\000\137\000o\000f\000f\000s\000e\000t\000\050\000\051}{subsection.3.3.2}% 91
\BOOKMARK [3][-]{subsubsection.3.3.2.12}{\376\377\0003\000.\0003\000.\0002\000.\0001\0002\000\040\000t\000e\000s\000t\000\137\000c\000h\000e\000c\000k\000\137\000i\000f\000\137\000f\000i\000l\000e\000\137\000e\000x\000i\000s\000t\000s\000\050\000\051}{subsection.3.3.2}% 92
\BOOKMARK [3][-]{subsubsection.3.3.2.13}{\376\377\0003\000.\0003\000.\0002\000.\0001\0003\000\040\000t\000e\000s\000t\000\137\000c\000h\000e\000c\000k\000\137\000i\000f\000\137\000s\000t\000r\000i\000n\000g\000\137\000i\000s\000\137\000a\000l\000p\000h\000a\000n\000u\000m\000e\000r\000i\000c\000\050\000\051}{subsection.3.3.2}% 93
\BOOKMARK [3][-]{subsubsection.3.3.2.14}{\376\377\0003\000.\0003\000.\0002\000.\0001\0004\000\040\000t\000e\000s\000t\000\137\000c\000o\000m\000p\000a\000r\000e\000\137\000t\000i\000m\000e\000\050\000\051}{subsection.3.3.2}% 94
\BOOKMARK [3][-]{subsubsection.3.3.2.15}{\376\377\0003\000.\0003\000.\0002\000.\0001\0005\000\040\000t\000e\000s\000t\000\137\000c\000o\000n\000t\000r\000o\000l\000\137\000l\000e\000d\000\137\000o\000u\000t\000p\000u\000t\000\050\000\051}{subsection.3.3.2}% 95
\BOOKMARK [3][-]{subsubsection.3.3.2.16}{\376\377\0003\000.\0003\000.\0002\000.\0001\0006\000\040\000t\000e\000s\000t\000\137\000d\000e\000l\000e\000t\000i\000n\000g\000\137\000w\000o\000r\000k\000f\000l\000o\000w\000\050\000\051}{subsection.3.3.2}% 96
\BOOKMARK [3][-]{subsubsection.3.3.2.17}{\376\377\0003\000.\0003\000.\0002\000.\0001\0007\000\040\000t\000e\000s\000t\000\137\000g\000e\000t\000\137\000c\000u\000r\000r\000e\000n\000t\000\137\000t\000i\000m\000e\000\050\000\051}{subsection.3.3.2}% 97
\BOOKMARK [3][-]{subsubsection.3.3.2.18}{\376\377\0003\000.\0003\000.\0002\000.\0001\0008\000\040\000t\000e\000s\000t\000\137\000g\000e\000t\000\137\000f\000i\000l\000e\000s\000\050\000\051}{subsection.3.3.2}% 98
\BOOKMARK [3][-]{subsubsection.3.3.2.19}{\376\377\0003\000.\0003\000.\0002\000.\0001\0009\000\040\000t\000e\000s\000t\000\137\000h\000a\000n\000d\000l\000e\000\137\000t\000i\000m\000e\000s\000\137\000c\000o\000m\000m\000a\000n\000d\000s\000\050\000\051}{subsection.3.3.2}% 99
\BOOKMARK [3][-]{subsubsection.3.3.2.20}{\376\377\0003\000.\0003\000.\0002\000.\0002\0000\000\040\000t\000e\000s\000t\000\137\000h\000a\000n\000d\000l\000e\000\137\000w\000a\000i\000t\000\137\000c\000o\000m\000m\000a\000n\000d\000\050\000\051}{subsection.3.3.2}% 100
\BOOKMARK [3][-]{subsubsection.3.3.2.21}{\376\377\0003\000.\0003\000.\0002\000.\0002\0001\000\040\000t\000e\000s\000t\000\137\000i\000n\000i\000t\000\137\000t\000i\000m\000e\000\050\000\051}{subsection.3.3.2}% 101
\BOOKMARK [3][-]{subsubsection.3.3.2.22}{\376\377\0003\000.\0003\000.\0002\000.\0002\0002\000\040\000t\000e\000s\000t\000\137\000l\000o\000a\000d\000\137\000j\000s\000o\000n\000\050\000\051}{subsection.3.3.2}% 102
\BOOKMARK [3][-]{subsubsection.3.3.2.23}{\376\377\0003\000.\0003\000.\0002\000.\0002\0003\000\040\000t\000e\000s\000t\000\137\000p\000l\000a\000y\000i\000n\000g\000\137\000w\000o\000r\000k\000f\000l\000o\000w\000\050\000\051}{subsection.3.3.2}% 103
\BOOKMARK [3][-]{subsubsection.3.3.2.24}{\376\377\0003\000.\0003\000.\0002\000.\0002\0004\000\040\000t\000e\000s\000t\000\137\000p\000r\000o\000g\000r\000a\000m\000\137\000p\000a\000r\000s\000e\000r\000\050\000\051}{subsection.3.3.2}% 104
\BOOKMARK [3][-]{subsubsection.3.3.2.25}{\376\377\0003\000.\0003\000.\0002\000.\0002\0005\000\040\000t\000e\000s\000t\000\137\000r\000e\000a\000d\000\137\000p\000r\000o\000g\000r\000a\000m\000\050\000\051}{subsection.3.3.2}% 105
\BOOKMARK [3][-]{subsubsection.3.3.2.26}{\376\377\0003\000.\0003\000.\0002\000.\0002\0006\000\040\000t\000e\000s\000t\000\137\000r\000e\000c\000o\000r\000d\000i\000n\000g\000\137\000w\000o\000r\000k\000f\000l\000o\000w\000\050\000\051}{subsection.3.3.2}% 106
\BOOKMARK [3][-]{subsubsection.3.3.2.27}{\376\377\0003\000.\0003\000.\0002\000.\0002\0007\000\040\000t\000e\000s\000t\000\137\000s\000a\000v\000e\000\137\000j\000s\000o\000n\000\050\000\051}{subsection.3.3.2}% 107
\BOOKMARK [3][-]{subsubsection.3.3.2.28}{\376\377\0003\000.\0003\000.\0002\000.\0002\0008\000\040\000t\000e\000s\000t\000\137\000s\000a\000v\000e\000\137\000s\000i\000g\000n\000a\000l\000\050\000\051}{subsection.3.3.2}% 108
\BOOKMARK [3][-]{subsubsection.3.3.2.29}{\376\377\0003\000.\0003\000.\0002\000.\0002\0009\000\040\000t\000e\000s\000t\000\137\000s\000e\000n\000d\000\137\000s\000i\000g\000n\000a\000l\000\050\000\051}{subsection.3.3.2}% 109
\BOOKMARK [3][-]{subsubsection.3.3.2.30}{\376\377\0003\000.\0003\000.\0002\000.\0003\0000\000\040\000t\000e\000s\000t\000\137\000s\000e\000n\000d\000i\000n\000g\000\137\000w\000o\000r\000k\000f\000l\000o\000w\000\050\000\051}{subsection.3.3.2}% 110
\BOOKMARK [3][-]{subsubsection.3.3.2.31}{\376\377\0003\000.\0003\000.\0002\000.\0003\0001\000\040\000t\000e\000s\000t\000\137\000t\000u\000r\000n\000\137\000s\000e\000c\000o\000n\000d\000s\000\137\000i\000n\000\137\000t\000i\000m\000e\000\050\000\051}{subsection.3.3.2}% 111
\BOOKMARK [3][-]{subsubsection.3.3.2.32}{\376\377\0003\000.\0003\000.\0002\000.\0003\0002\000\040\000t\000e\000s\000t\000\137\000u\000p\000d\000a\000t\000e\000\137\000t\000i\000m\000e\000\050\000\051}{subsection.3.3.2}% 112
\BOOKMARK [3][-]{subsubsection.3.3.2.33}{\376\377\0003\000.\0003\000.\0002\000.\0003\0003\000\040\000t\000e\000s\000t\000\137\000w\000e\000e\000k\000d\000a\000y\000\137\000t\000o\000\137\000n\000u\000m\000\050\000\051}{subsection.3.3.2}% 113
\BOOKMARK [1][-]{section.3.4}{\376\377\0003\000.\0004\000\040\000i\000n\000c\000l\000u\000d\000e\000/\000w\000e\000b\000s\000i\000t\000e\000\137\000s\000t\000r\000i\000n\000g\000.\000h\000\040\000F\000i\000l\000e\000\040\000R\000e\000f\000e\000r\000e\000n\000c\000e}{chapter.3}% 114
\BOOKMARK [2][-]{subsection.3.4.1}{\376\377\0003\000.\0004\000.\0001\000\040\000D\000e\000t\000a\000i\000l\000e\000d\000\040\000D\000e\000s\000c\000r\000i\000p\000t\000i\000o\000n}{section.3.4}% 115
\BOOKMARK [2][-]{subsection.3.4.2}{\376\377\0003\000.\0004\000.\0002\000\040\000V\000a\000r\000i\000a\000b\000l\000e\000\040\000D\000o\000c\000u\000m\000e\000n\000t\000a\000t\000i\000o\000n}{section.3.4}% 116
\BOOKMARK [3][-]{subsubsection.3.4.2.1}{\376\377\0003\000.\0004\000.\0002\000.\0001\000\040\000P\000R\000O\000G\000M\000E\000M}{subsection.3.4.2}% 117
\BOOKMARK [1][-]{section.3.5}{\376\377\0003\000.\0005\000\040\000i\000n\000c\000l\000u\000d\000e\000/\000w\000o\000r\000k\000f\000l\000o\000w\000s\000.\000h\000\040\000F\000i\000l\000e\000\040\000R\000e\000f\000e\000r\000e\000n\000c\000e}{chapter.3}% 118
\BOOKMARK [2][-]{subsection.3.5.1}{\376\377\0003\000.\0005\000.\0001\000\040\000D\000e\000t\000a\000i\000l\000e\000d\000\040\000D\000e\000s\000c\000r\000i\000p\000t\000i\000o\000n}{section.3.5}% 119
\BOOKMARK [2][-]{subsection.3.5.2}{\376\377\0003\000.\0005\000.\0002\000\040\000F\000u\000n\000c\000t\000i\000o\000n\000\040\000D\000o\000c\000u\000m\000e\000n\000t\000a\000t\000i\000o\000n}{section.3.5}% 120
\BOOKMARK [3][-]{subsubsection.3.5.2.1}{\376\377\0003\000.\0005\000.\0002\000.\0001\000\040\000a\000d\000d\000i\000n\000g\000\137\000w\000o\000r\000k\000f\000l\000o\000w\000\050\000\051}{subsection.3.5.2}% 121
\BOOKMARK [3][-]{subsubsection.3.5.2.2}{\376\377\0003\000.\0005\000.\0002\000.\0002\000\040\000d\000e\000l\000e\000t\000i\000n\000g\000\137\000w\000o\000r\000k\000f\000l\000o\000w\000\050\000\051}{subsection.3.5.2}% 122
\BOOKMARK [3][-]{subsubsection.3.5.2.3}{\376\377\0003\000.\0005\000.\0002\000.\0003\000\040\000h\000a\000n\000d\000l\000e\000\137\000t\000i\000m\000e\000s\000\137\000c\000o\000m\000m\000a\000n\000d\000s\000\050\000\051}{subsection.3.5.2}% 123
\BOOKMARK [3][-]{subsubsection.3.5.2.4}{\376\377\0003\000.\0005\000.\0002\000.\0004\000\040\000h\000a\000n\000d\000l\000e\000\137\000w\000a\000i\000t\000\137\000c\000o\000m\000m\000a\000n\000d\000\050\000\051}{subsection.3.5.2}% 124
\BOOKMARK [3][-]{subsubsection.3.5.2.5}{\376\377\0003\000.\0005\000.\0002\000.\0005\000\040\000p\000l\000a\000y\000i\000n\000g\000\137\000w\000o\000r\000k\000f\000l\000o\000w\000\050\000\051}{subsection.3.5.2}% 125
\BOOKMARK [3][-]{subsubsection.3.5.2.6}{\376\377\0003\000.\0005\000.\0002\000.\0006\000\040\000p\000r\000o\000g\000r\000a\000m\000\137\000p\000a\000r\000s\000e\000r\000\050\000\051}{subsection.3.5.2}% 126
\BOOKMARK [3][-]{subsubsection.3.5.2.7}{\376\377\0003\000.\0005\000.\0002\000.\0007\000\040\000r\000e\000c\000o\000r\000d\000i\000n\000g\000\137\000w\000o\000r\000k\000f\000l\000o\000w\000\050\000\051}{subsection.3.5.2}% 127
\BOOKMARK [3][-]{subsubsection.3.5.2.8}{\376\377\0003\000.\0005\000.\0002\000.\0008\000\040\000s\000e\000n\000d\000i\000n\000g\000\137\000w\000o\000r\000k\000f\000l\000o\000w\000\050\000\051}{subsection.3.5.2}% 128
\BOOKMARK [1][-]{section.3.6}{\376\377\0003\000.\0006\000\040\000s\000r\000c\000/\000f\000i\000l\000e\000s\000y\000s\000t\000e\000m\000.\000c\000p\000p\000\040\000F\000i\000l\000e\000\040\000R\000e\000f\000e\000r\000e\000n\000c\000e}{chapter.3}% 129
\BOOKMARK [2][-]{subsection.3.6.1}{\376\377\0003\000.\0006\000.\0001\000\040\000D\000e\000t\000a\000i\000l\000e\000d\000\040\000D\000e\000s\000c\000r\000i\000p\000t\000i\000o\000n}{section.3.6}% 130
\BOOKMARK [2][-]{subsection.3.6.2}{\376\377\0003\000.\0006\000.\0002\000\040\000F\000u\000n\000c\000t\000i\000o\000n\000\040\000D\000o\000c\000u\000m\000e\000n\000t\000a\000t\000i\000o\000n}{section.3.6}% 131
\BOOKMARK [3][-]{subsubsection.3.6.2.1}{\376\377\0003\000.\0006\000.\0002\000.\0001\000\040\000c\000a\000p\000t\000u\000r\000e\000\137\000s\000i\000g\000n\000a\000l\000\050\000\051}{subsection.3.6.2}% 132
\BOOKMARK [3][-]{subsubsection.3.6.2.2}{\376\377\0003\000.\0006\000.\0002\000.\0002\000\040\000c\000h\000e\000c\000k\000\137\000i\000f\000\137\000f\000i\000l\000e\000\137\000e\000x\000i\000s\000t\000s\000\050\000\051}{subsection.3.6.2}% 133
\BOOKMARK [3][-]{subsubsection.3.6.2.3}{\376\377\0003\000.\0006\000.\0002\000.\0003\000\040\000c\000h\000e\000c\000k\000\137\000i\000f\000\137\000s\000t\000r\000i\000n\000g\000\137\000i\000s\000\137\000a\000l\000p\000h\000a\000n\000u\000m\000e\000r\000i\000c\000\050\000\051}{subsection.3.6.2}% 134
\BOOKMARK [3][-]{subsubsection.3.6.2.4}{\376\377\0003\000.\0006\000.\0002\000.\0004\000\040\000c\000o\000n\000t\000r\000o\000l\000\137\000l\000e\000d\000\137\000o\000u\000t\000p\000u\000t\000\050\000\051}{subsection.3.6.2}% 135
\BOOKMARK [3][-]{subsubsection.3.6.2.5}{\376\377\0003\000.\0006\000.\0002\000.\0005\000\040\000g\000e\000t\000\137\000f\000i\000l\000e\000s\000\050\000\051}{subsection.3.6.2}% 136
\BOOKMARK [3][-]{subsubsection.3.6.2.6}{\376\377\0003\000.\0006\000.\0002\000.\0006\000\040\000l\000o\000a\000d\000\137\000j\000s\000o\000n\000\050\000\051}{subsection.3.6.2}% 137
\BOOKMARK [3][-]{subsubsection.3.6.2.7}{\376\377\0003\000.\0006\000.\0002\000.\0007\000\040\000r\000e\000a\000d\000\137\000p\000r\000o\000g\000r\000a\000m\000\050\000\051}{subsection.3.6.2}% 138
\BOOKMARK [3][-]{subsubsection.3.6.2.8}{\376\377\0003\000.\0006\000.\0002\000.\0008\000\040\000s\000a\000v\000e\000\137\000j\000s\000o\000n\000\050\000\051}{subsection.3.6.2}% 139
\BOOKMARK [3][-]{subsubsection.3.6.2.9}{\376\377\0003\000.\0006\000.\0002\000.\0009\000\040\000s\000a\000v\000e\000\137\000s\000i\000g\000n\000a\000l\000\050\000\051}{subsection.3.6.2}% 140
\BOOKMARK [3][-]{subsubsection.3.6.2.10}{\376\377\0003\000.\0006\000.\0002\000.\0001\0000\000\040\000s\000e\000n\000d\000\137\000s\000i\000g\000n\000a\000l\000\050\000\051}{subsection.3.6.2}% 141
\BOOKMARK [1][-]{section.3.7}{\376\377\0003\000.\0007\000\040\000s\000r\000c\000/\000m\000a\000i\000n\000.\000c\000p\000p\000\040\000F\000i\000l\000e\000\040\000R\000e\000f\000e\000r\000e\000n\000c\000e}{chapter.3}% 142
\BOOKMARK [2][-]{subsection.3.7.1}{\376\377\0003\000.\0007\000.\0001\000\040\000D\000e\000t\000a\000i\000l\000e\000d\000\040\000D\000e\000s\000c\000r\000i\000p\000t\000i\000o\000n}{section.3.7}% 143
\BOOKMARK [2][-]{subsection.3.7.2}{\376\377\0003\000.\0007\000.\0002\000\040\000F\000u\000n\000c\000t\000i\000o\000n\000\040\000D\000o\000c\000u\000m\000e\000n\000t\000a\000t\000i\000o\000n}{section.3.7}% 144
\BOOKMARK [3][-]{subsubsection.3.7.2.1}{\376\377\0003\000.\0007\000.\0002\000.\0001\000\040\000h\000a\000n\000d\000l\000e\000\137\000a\000p\000i\000n\000f\000o\000\050\000\051}{subsection.3.7.2}% 145
\BOOKMARK [3][-]{subsubsection.3.7.2.2}{\376\377\0003\000.\0007\000.\0002\000.\0002\000\040\000h\000a\000n\000d\000l\000e\000\137\000a\000p\000m\000o\000d\000e\000\050\000\051}{subsection.3.7.2}% 146
\BOOKMARK [3][-]{subsubsection.3.7.2.3}{\376\377\0003\000.\0007\000.\0002\000.\0003\000\040\000h\000a\000n\000d\000l\000e\000\137\000c\000r\000e\000d\000e\000n\000t\000i\000a\000l\000s\000\050\000\051}{subsection.3.7.2}% 147
\BOOKMARK [3][-]{subsubsection.3.7.2.4}{\376\377\0003\000.\0007\000.\0002\000.\0004\000\040\000h\000a\000n\000d\000l\000e\000\137\000e\000r\000r\000o\000r\000\050\000\051}{subsection.3.7.2}% 148
\BOOKMARK [3][-]{subsubsection.3.7.2.5}{\376\377\0003\000.\0007\000.\0002\000.\0005\000\040\000h\000a\000n\000d\000l\000e\000\137\000f\000i\000l\000e\000s\000\050\000\051}{subsection.3.7.2}% 149
\BOOKMARK [3][-]{subsubsection.3.7.2.6}{\376\377\0003\000.\0007\000.\0002\000.\0006\000\040\000h\000a\000n\000d\000l\000e\000\137\000f\000o\000r\000m\000\050\000\051}{subsection.3.7.2}% 150
\BOOKMARK [3][-]{subsubsection.3.7.2.7}{\376\377\0003\000.\0007\000.\0002\000.\0007\000\040\000h\000a\000n\000d\000l\000e\000\137\000n\000o\000t\000\137\000f\000o\000u\000n\000d\000\050\000\051}{subsection.3.7.2}% 151
\BOOKMARK [3][-]{subsubsection.3.7.2.8}{\376\377\0003\000.\0007\000.\0002\000.\0008\000\040\000h\000a\000n\000d\000l\000e\000\137\000p\000a\000s\000s\000w\000o\000r\000d\000\050\000\051}{subsection.3.7.2}% 152
\BOOKMARK [3][-]{subsubsection.3.7.2.9}{\376\377\0003\000.\0007\000.\0002\000.\0009\000\040\000h\000a\000n\000d\000l\000e\000\137\000p\000r\000o\000g\000r\000a\000m\000\050\000\051}{subsection.3.7.2}% 153
\BOOKMARK [3][-]{subsubsection.3.7.2.10}{\376\377\0003\000.\0007\000.\0002\000.\0001\0000\000\040\000h\000a\000n\000d\000l\000e\000\137\000r\000o\000o\000t\000\050\000\051}{subsection.3.7.2}% 154
\BOOKMARK [3][-]{subsubsection.3.7.2.11}{\376\377\0003\000.\0007\000.\0002\000.\0001\0001\000\040\000h\000a\000n\000d\000l\000e\000\137\000t\000i\000m\000e\000\050\000\051}{subsection.3.7.2}% 155
\BOOKMARK [3][-]{subsubsection.3.7.2.12}{\376\377\0003\000.\0007\000.\0002\000.\0001\0002\000\040\000l\000o\000o\000p\000\050\000\051}{subsection.3.7.2}% 156
\BOOKMARK [3][-]{subsubsection.3.7.2.13}{\376\377\0003\000.\0007\000.\0002\000.\0001\0003\000\040\000s\000e\000t\000u\000p\000\050\000\051}{subsection.3.7.2}% 157
\BOOKMARK [1][-]{section.3.8}{\376\377\0003\000.\0008\000\040\000s\000r\000c\000/\000t\000e\000s\000t\000s\000/\000e\000m\000p\000i\000r\000i\000c\000a\000l\000\137\000t\000e\000s\000t\000s\000.\000c\000p\000p\000\040\000F\000i\000l\000e\000\040\000R\000e\000f\000e\000r\000e\000n\000c\000e}{chapter.3}% 158
\BOOKMARK [2][-]{subsection.3.8.1}{\376\377\0003\000.\0008\000.\0001\000\040\000D\000e\000t\000a\000i\000l\000e\000d\000\040\000D\000e\000s\000c\000r\000i\000p\000t\000i\000o\000n}{section.3.8}% 159
\BOOKMARK [2][-]{subsection.3.8.2}{\376\377\0003\000.\0008\000.\0002\000\040\000F\000u\000n\000c\000t\000i\000o\000n\000\040\000D\000o\000c\000u\000m\000e\000n\000t\000a\000t\000i\000o\000n}{section.3.8}% 160
\BOOKMARK [3][-]{subsubsection.3.8.2.1}{\376\377\0003\000.\0008\000.\0002\000.\0001\000\040\000e\000m\000p\000i\000r\000i\000c\000a\000l\000\137\000t\000e\000s\000t\000\137\000g\000e\000t\000\137\000N\000T\000P\000\137\000t\000i\000m\000e\000\050\000\051}{subsection.3.8.2}% 161
\BOOKMARK [1][-]{section.3.9}{\376\377\0003\000.\0009\000\040\000s\000r\000c\000/\000t\000e\000s\000t\000s\000/\000t\000e\000s\000t\000\137\000f\000i\000l\000e\000s\000y\000s\000t\000e\000m\000.\000c\000p\000p\000\040\000F\000i\000l\000e\000\040\000R\000e\000f\000e\000r\000e\000n\000c\000e}{chapter.3}% 162
\BOOKMARK [2][-]{subsection.3.9.1}{\376\377\0003\000.\0009\000.\0001\000\040\000D\000e\000t\000a\000i\000l\000e\000d\000\040\000D\000e\000s\000c\000r\000i\000p\000t\000i\000o\000n}{section.3.9}% 163
\BOOKMARK [2][-]{subsection.3.9.2}{\376\377\0003\000.\0009\000.\0002\000\040\000F\000u\000n\000c\000t\000i\000o\000n\000\040\000D\000o\000c\000u\000m\000e\000n\000t\000a\000t\000i\000o\000n}{section.3.9}% 164
\BOOKMARK [3][-]{subsubsection.3.9.2.1}{\376\377\0003\000.\0009\000.\0002\000.\0001\000\040\000t\000e\000s\000t\000\137\000c\000a\000p\000t\000u\000r\000e\000\137\000s\000i\000g\000n\000a\000l\000\050\000\051}{subsection.3.9.2}% 165
\BOOKMARK [3][-]{subsubsection.3.9.2.2}{\376\377\0003\000.\0009\000.\0002\000.\0002\000\040\000t\000e\000s\000t\000\137\000c\000h\000e\000c\000k\000\137\000i\000f\000\137\000f\000i\000l\000e\000\137\000e\000x\000i\000s\000t\000s\000\050\000\051}{subsection.3.9.2}% 166
\BOOKMARK [3][-]{subsubsection.3.9.2.3}{\376\377\0003\000.\0009\000.\0002\000.\0003\000\040\000t\000e\000s\000t\000\137\000c\000h\000e\000c\000k\000\137\000i\000f\000\137\000s\000t\000r\000i\000n\000g\000\137\000i\000s\000\137\000a\000l\000p\000h\000a\000n\000u\000m\000e\000r\000i\000c\000\050\000\051}{subsection.3.9.2}% 167
\BOOKMARK [3][-]{subsubsection.3.9.2.4}{\376\377\0003\000.\0009\000.\0002\000.\0004\000\040\000t\000e\000s\000t\000\137\000c\000o\000n\000t\000r\000o\000l\000\137\000l\000e\000d\000\137\000o\000u\000t\000p\000u\000t\000\050\000\051}{subsection.3.9.2}% 168
\BOOKMARK [3][-]{subsubsection.3.9.2.5}{\376\377\0003\000.\0009\000.\0002\000.\0005\000\040\000t\000e\000s\000t\000\137\000g\000e\000t\000\137\000f\000i\000l\000e\000s\000\050\000\051}{subsection.3.9.2}% 169
\BOOKMARK [3][-]{subsubsection.3.9.2.6}{\376\377\0003\000.\0009\000.\0002\000.\0006\000\040\000t\000e\000s\000t\000\137\000l\000o\000a\000d\000\137\000j\000s\000o\000n\000\050\000\051}{subsection.3.9.2}% 170
\BOOKMARK [3][-]{subsubsection.3.9.2.7}{\376\377\0003\000.\0009\000.\0002\000.\0007\000\040\000t\000e\000s\000t\000\137\000r\000e\000a\000d\000\137\000p\000r\000o\000g\000r\000a\000m\000\050\000\051}{subsection.3.9.2}% 171
\BOOKMARK [3][-]{subsubsection.3.9.2.8}{\376\377\0003\000.\0009\000.\0002\000.\0008\000\040\000t\000e\000s\000t\000\137\000s\000a\000v\000e\000\137\000j\000s\000o\000n\000\050\000\051}{subsection.3.9.2}% 172
\BOOKMARK [3][-]{subsubsection.3.9.2.9}{\376\377\0003\000.\0009\000.\0002\000.\0009\000\040\000t\000e\000s\000t\000\137\000s\000a\000v\000e\000\137\000s\000i\000g\000n\000a\000l\000\050\000\051}{subsection.3.9.2}% 173
\BOOKMARK [3][-]{subsubsection.3.9.2.10}{\376\377\0003\000.\0009\000.\0002\000.\0001\0000\000\040\000t\000e\000s\000t\000\137\000s\000e\000n\000d\000\137\000s\000i\000g\000n\000a\000l\000\050\000\051}{subsection.3.9.2}% 174
\BOOKMARK [1][-]{section.3.10}{\376\377\0003\000.\0001\0000\000\040\000s\000r\000c\000/\000t\000e\000s\000t\000s\000/\000t\000e\000s\000t\000\137\000m\000a\000i\000n\000.\000c\000p\000p\000\040\000F\000i\000l\000e\000\040\000R\000e\000f\000e\000r\000e\000n\000c\000e}{chapter.3}% 175
\BOOKMARK [2][-]{subsection.3.10.1}{\376\377\0003\000.\0001\0000\000.\0001\000\040\000D\000e\000t\000a\000i\000l\000e\000d\000\040\000D\000e\000s\000c\000r\000i\000p\000t\000i\000o\000n}{section.3.10}% 176
\BOOKMARK [2][-]{subsection.3.10.2}{\376\377\0003\000.\0001\0000\000.\0002\000\040\000F\000u\000n\000c\000t\000i\000o\000n\000\040\000D\000o\000c\000u\000m\000e\000n\000t\000a\000t\000i\000o\000n}{section.3.10}% 177
\BOOKMARK [3][-]{subsubsection.3.10.2.1}{\376\377\0003\000.\0001\0000\000.\0002\000.\0001\000\040\000r\000u\000n\000\137\000a\000l\000l\000\137\000e\000m\000p\000i\000r\000i\000c\000a\000l\000\137\000t\000e\000s\000t\000s\000\050\000\051}{subsection.3.10.2}% 178
\BOOKMARK [3][-]{subsubsection.3.10.2.2}{\376\377\0003\000.\0001\0000\000.\0002\000.\0002\000\040\000r\000u\000n\000\137\000a\000l\000l\000\137\000f\000i\000l\000e\000s\000y\000s\000t\000e\000m\000\137\000t\000e\000s\000t\000s\000\050\000\051}{subsection.3.10.2}% 179
\BOOKMARK [3][-]{subsubsection.3.10.2.3}{\376\377\0003\000.\0001\0000\000.\0002\000.\0003\000\040\000r\000u\000n\000\137\000a\000l\000l\000\137\000t\000e\000s\000t\000s\000\050\000\051}{subsection.3.10.2}% 180
\BOOKMARK [3][-]{subsubsection.3.10.2.4}{\376\377\0003\000.\0001\0000\000.\0002\000.\0004\000\040\000r\000u\000n\000\137\000a\000l\000l\000\137\000t\000i\000m\000e\000\137\000m\000a\000n\000a\000g\000e\000m\000e\000n\000t\000\137\000t\000e\000s\000t\000s\000\050\000\051}{subsection.3.10.2}% 181
\BOOKMARK [3][-]{subsubsection.3.10.2.5}{\376\377\0003\000.\0001\0000\000.\0002\000.\0005\000\040\000r\000u\000n\000\137\000a\000l\000l\000\137\000w\000o\000r\000k\000f\000l\000o\000w\000s\000\137\000t\000e\000s\000t\000s\000\050\000\051}{subsection.3.10.2}% 182
\BOOKMARK [1][-]{section.3.11}{\376\377\0003\000.\0001\0001\000\040\000s\000r\000c\000/\000t\000e\000s\000t\000s\000/\000t\000e\000s\000t\000\137\000t\000i\000m\000e\000\137\000m\000a\000n\000a\000g\000e\000m\000e\000n\000t\000.\000c\000p\000p\000\040\000F\000i\000l\000e\000\040\000R\000e\000f\000e\000r\000e\000n\000c\000e}{chapter.3}% 183
\BOOKMARK [2][-]{subsection.3.11.1}{\376\377\0003\000.\0001\0001\000.\0001\000\040\000D\000e\000t\000a\000i\000l\000e\000d\000\040\000D\000e\000s\000c\000r\000i\000p\000t\000i\000o\000n}{section.3.11}% 184
\BOOKMARK [2][-]{subsection.3.11.2}{\376\377\0003\000.\0001\0001\000.\0002\000\040\000F\000u\000n\000c\000t\000i\000o\000n\000\040\000D\000o\000c\000u\000m\000e\000n\000t\000a\000t\000i\000o\000n}{section.3.11}% 185
\BOOKMARK [3][-]{subsubsection.3.11.2.1}{\376\377\0003\000.\0001\0001\000.\0002\000.\0001\000\040\000t\000e\000s\000t\000\137\000a\000d\000d\000\137\000t\000i\000m\000e\000\050\000\051}{subsection.3.11.2}% 186
\BOOKMARK [3][-]{subsubsection.3.11.2.2}{\376\377\0003\000.\0001\0001\000.\0002\000.\0002\000\040\000t\000e\000s\000t\000\137\000c\000h\000e\000c\000k\000\137\000a\000n\000d\000\137\000u\000p\000d\000a\000t\000e\000\137\000o\000f\000f\000s\000e\000t\000\050\000\051}{subsection.3.11.2}% 187
\BOOKMARK [3][-]{subsubsection.3.11.2.3}{\376\377\0003\000.\0001\0001\000.\0002\000.\0003\000\040\000t\000e\000s\000t\000\137\000c\000o\000m\000p\000a\000r\000e\000\137\000t\000i\000m\000e\000\050\000\051}{subsection.3.11.2}% 188
\BOOKMARK [3][-]{subsubsection.3.11.2.4}{\376\377\0003\000.\0001\0001\000.\0002\000.\0004\000\040\000t\000e\000s\000t\000\137\000g\000e\000t\000\137\000c\000u\000r\000r\000e\000n\000t\000\137\000t\000i\000m\000e\000\050\000\051}{subsection.3.11.2}% 189
\BOOKMARK [3][-]{subsubsection.3.11.2.5}{\376\377\0003\000.\0001\0001\000.\0002\000.\0005\000\040\000t\000e\000s\000t\000\137\000i\000n\000i\000t\000\137\000t\000i\000m\000e\000\050\000\051}{subsection.3.11.2}% 190
\BOOKMARK [3][-]{subsubsection.3.11.2.6}{\376\377\0003\000.\0001\0001\000.\0002\000.\0006\000\040\000t\000e\000s\000t\000\137\000t\000u\000r\000n\000\137\000s\000e\000c\000o\000n\000d\000s\000\137\000i\000n\000\137\000t\000i\000m\000e\000\050\000\051}{subsection.3.11.2}% 191
\BOOKMARK [3][-]{subsubsection.3.11.2.7}{\376\377\0003\000.\0001\0001\000.\0002\000.\0007\000\040\000t\000e\000s\000t\000\137\000u\000p\000d\000a\000t\000e\000\137\000t\000i\000m\000e\000\050\000\051}{subsection.3.11.2}% 192
\BOOKMARK [3][-]{subsubsection.3.11.2.8}{\376\377\0003\000.\0001\0001\000.\0002\000.\0008\000\040\000t\000e\000s\000t\000\137\000w\000e\000e\000k\000d\000a\000y\000\137\000t\000o\000\137\000n\000u\000m\000\050\000\051}{subsection.3.11.2}% 193
\BOOKMARK [1][-]{section.3.12}{\376\377\0003\000.\0001\0002\000\040\000s\000r\000c\000/\000t\000e\000s\000t\000s\000/\000t\000e\000s\000t\000\137\000u\000t\000i\000l\000i\000t\000i\000e\000s\000.\000c\000p\000p\000\040\000F\000i\000l\000e\000\040\000R\000e\000f\000e\000r\000e\000n\000c\000e}{chapter.3}% 194
\BOOKMARK [2][-]{subsection.3.12.1}{\376\377\0003\000.\0001\0002\000.\0001\000\040\000D\000e\000t\000a\000i\000l\000e\000d\000\040\000D\000e\000s\000c\000r\000i\000p\000t\000i\000o\000n}{section.3.12}% 195
\BOOKMARK [2][-]{subsection.3.12.2}{\376\377\0003\000.\0001\0002\000.\0002\000\040\000F\000u\000n\000c\000t\000i\000o\000n\000\040\000D\000o\000c\000u\000m\000e\000n\000t\000a\000t\000i\000o\000n}{section.3.12}% 196
\BOOKMARK [3][-]{subsubsection.3.12.2.1}{\376\377\0003\000.\0001\0002\000.\0002\000.\0001\000\040\000c\000l\000e\000a\000n\000\137\000L\000i\000t\000t\000l\000e\000F\000S\000\050\000\051}{subsection.3.12.2}% 197
\BOOKMARK [1][-]{section.3.13}{\376\377\0003\000.\0001\0003\000\040\000s\000r\000c\000/\000t\000e\000s\000t\000s\000/\000t\000e\000s\000t\000\137\000w\000o\000r\000k\000f\000l\000o\000w\000s\000.\000c\000p\000p\000\040\000F\000i\000l\000e\000\040\000R\000e\000f\000e\000r\000e\000n\000c\000e}{chapter.3}% 198
\BOOKMARK [2][-]{subsection.3.13.1}{\376\377\0003\000.\0001\0003\000.\0001\000\040\000D\000e\000t\000a\000i\000l\000e\000d\000\040\000D\000e\000s\000c\000r\000i\000p\000t\000i\000o\000n}{section.3.13}% 199
\BOOKMARK [2][-]{subsection.3.13.2}{\376\377\0003\000.\0001\0003\000.\0002\000\040\000F\000u\000n\000c\000t\000i\000o\000n\000\040\000D\000o\000c\000u\000m\000e\000n\000t\000a\000t\000i\000o\000n}{section.3.13}% 200
\BOOKMARK [3][-]{subsubsection.3.13.2.1}{\376\377\0003\000.\0001\0003\000.\0002\000.\0001\000\040\000t\000e\000s\000t\000\137\000a\000d\000d\000i\000n\000g\000\137\000w\000o\000r\000k\000f\000l\000o\000w\000\050\000\051}{subsection.3.13.2}% 201
\BOOKMARK [3][-]{subsubsection.3.13.2.2}{\376\377\0003\000.\0001\0003\000.\0002\000.\0002\000\040\000t\000e\000s\000t\000\137\000d\000e\000l\000e\000t\000i\000n\000g\000\137\000w\000o\000r\000k\000f\000l\000o\000w\000\050\000\051}{subsection.3.13.2}% 202
\BOOKMARK [3][-]{subsubsection.3.13.2.3}{\376\377\0003\000.\0001\0003\000.\0002\000.\0003\000\040\000t\000e\000s\000t\000\137\000h\000a\000n\000d\000l\000e\000\137\000t\000i\000m\000e\000s\000\137\000c\000o\000m\000m\000a\000n\000d\000s\000\050\000\051}{subsection.3.13.2}% 203
\BOOKMARK [3][-]{subsubsection.3.13.2.4}{\376\377\0003\000.\0001\0003\000.\0002\000.\0004\000\040\000t\000e\000s\000t\000\137\000h\000a\000n\000d\000l\000e\000\137\000w\000a\000i\000t\000\137\000c\000o\000m\000m\000a\000n\000d\000\050\000\051}{subsection.3.13.2}% 204
\BOOKMARK [3][-]{subsubsection.3.13.2.5}{\376\377\0003\000.\0001\0003\000.\0002\000.\0005\000\040\000t\000e\000s\000t\000\137\000p\000l\000a\000y\000i\000n\000g\000\137\000w\000o\000r\000k\000f\000l\000o\000w\000\050\000\051}{subsection.3.13.2}% 205
\BOOKMARK [3][-]{subsubsection.3.13.2.6}{\376\377\0003\000.\0001\0003\000.\0002\000.\0006\000\040\000t\000e\000s\000t\000\137\000p\000r\000o\000g\000r\000a\000m\000\137\000p\000a\000r\000s\000e\000r\000\050\000\051}{subsection.3.13.2}% 206
\BOOKMARK [3][-]{subsubsection.3.13.2.7}{\376\377\0003\000.\0001\0003\000.\0002\000.\0007\000\040\000t\000e\000s\000t\000\137\000r\000e\000c\000o\000r\000d\000i\000n\000g\000\137\000w\000o\000r\000k\000f\000l\000o\000w\000\050\000\051}{subsection.3.13.2}% 207
\BOOKMARK [3][-]{subsubsection.3.13.2.8}{\376\377\0003\000.\0001\0003\000.\0002\000.\0008\000\040\000t\000e\000s\000t\000\137\000s\000e\000n\000d\000i\000n\000g\000\137\000w\000o\000r\000k\000f\000l\000o\000w\000\050\000\051}{subsection.3.13.2}% 208
\BOOKMARK [1][-]{section.3.14}{\376\377\0003\000.\0001\0004\000\040\000s\000r\000c\000/\000t\000i\000m\000e\000\137\000m\000a\000n\000a\000g\000e\000m\000e\000n\000t\000.\000c\000p\000p\000\040\000F\000i\000l\000e\000\040\000R\000e\000f\000e\000r\000e\000n\000c\000e}{chapter.3}% 209
\BOOKMARK [2][-]{subsection.3.14.1}{\376\377\0003\000.\0001\0004\000.\0001\000\040\000D\000e\000t\000a\000i\000l\000e\000d\000\040\000D\000e\000s\000c\000r\000i\000p\000t\000i\000o\000n}{section.3.14}% 210
\BOOKMARK [2][-]{subsection.3.14.2}{\376\377\0003\000.\0001\0004\000.\0002\000\040\000F\000u\000n\000c\000t\000i\000o\000n\000\040\000D\000o\000c\000u\000m\000e\000n\000t\000a\000t\000i\000o\000n}{section.3.14}% 211
\BOOKMARK [3][-]{subsubsection.3.14.2.1}{\376\377\0003\000.\0001\0004\000.\0002\000.\0001\000\040\000a\000d\000d\000\137\000t\000i\000m\000e\000\050\000\051}{subsection.3.14.2}% 212
\BOOKMARK [3][-]{subsubsection.3.14.2.2}{\376\377\0003\000.\0001\0004\000.\0002\000.\0002\000\040\000c\000h\000e\000c\000k\000\137\000a\000n\000d\000\137\000u\000p\000d\000a\000t\000e\000\137\000o\000f\000f\000s\000e\000t\000\050\000\051}{subsection.3.14.2}% 213
\BOOKMARK [3][-]{subsubsection.3.14.2.3}{\376\377\0003\000.\0001\0004\000.\0002\000.\0003\000\040\000c\000o\000m\000p\000a\000r\000e\000\137\000t\000i\000m\000e\000\050\000\051}{subsection.3.14.2}% 214
\BOOKMARK [3][-]{subsubsection.3.14.2.4}{\376\377\0003\000.\0001\0004\000.\0002\000.\0004\000\040\000g\000e\000t\000\137\000c\000u\000r\000r\000e\000n\000t\000\137\000t\000i\000m\000e\000\050\000\051}{subsection.3.14.2}% 215
\BOOKMARK [3][-]{subsubsection.3.14.2.5}{\376\377\0003\000.\0001\0004\000.\0002\000.\0005\000\040\000i\000n\000i\000t\000\137\000t\000i\000m\000e\000\050\000\051}{subsection.3.14.2}% 216
\BOOKMARK [3][-]{subsubsection.3.14.2.6}{\376\377\0003\000.\0001\0004\000.\0002\000.\0006\000\040\000t\000u\000r\000n\000\137\000s\000e\000c\000o\000n\000d\000s\000\137\000i\000n\000\137\000t\000i\000m\000e\000\050\000\051}{subsection.3.14.2}% 217
\BOOKMARK [3][-]{subsubsection.3.14.2.7}{\376\377\0003\000.\0001\0004\000.\0002\000.\0007\000\040\000u\000p\000d\000a\000t\000e\000\137\000t\000i\000m\000e\000\050\000\051}{subsection.3.14.2}% 218
\BOOKMARK [3][-]{subsubsection.3.14.2.8}{\376\377\0003\000.\0001\0004\000.\0002\000.\0008\000\040\000w\000e\000e\000k\000d\000a\000y\000\137\000t\000o\000\137\000n\000u\000m\000\050\000\051}{subsection.3.14.2}% 219
\BOOKMARK [1][-]{section.3.15}{\376\377\0003\000.\0001\0005\000\040\000s\000r\000c\000/\000w\000o\000r\000k\000f\000l\000o\000w\000s\000.\000c\000p\000p\000\040\000F\000i\000l\000e\000\040\000R\000e\000f\000e\000r\000e\000n\000c\000e}{chapter.3}% 220
\BOOKMARK [2][-]{subsection.3.15.1}{\376\377\0003\000.\0001\0005\000.\0001\000\040\000D\000e\000t\000a\000i\000l\000e\000d\000\040\000D\000e\000s\000c\000r\000i\000p\000t\000i\000o\000n}{section.3.15}% 221
\BOOKMARK [2][-]{subsection.3.15.2}{\376\377\0003\000.\0001\0005\000.\0002\000\040\000F\000u\000n\000c\000t\000i\000o\000n\000\040\000D\000o\000c\000u\000m\000e\000n\000t\000a\000t\000i\000o\000n}{section.3.15}% 222
\BOOKMARK [3][-]{subsubsection.3.15.2.1}{\376\377\0003\000.\0001\0005\000.\0002\000.\0001\000\040\000a\000d\000d\000i\000n\000g\000\137\000w\000o\000r\000k\000f\000l\000o\000w\000\050\000\051}{subsection.3.15.2}% 223
\BOOKMARK [3][-]{subsubsection.3.15.2.2}{\376\377\0003\000.\0001\0005\000.\0002\000.\0002\000\040\000d\000e\000l\000e\000t\000i\000n\000g\000\137\000w\000o\000r\000k\000f\000l\000o\000w\000\050\000\051}{subsection.3.15.2}% 224
\BOOKMARK [3][-]{subsubsection.3.15.2.3}{\376\377\0003\000.\0001\0005\000.\0002\000.\0003\000\040\000h\000a\000n\000d\000l\000e\000\137\000t\000i\000m\000e\000s\000\137\000c\000o\000m\000m\000a\000n\000d\000s\000\050\000\051}{subsection.3.15.2}% 225
\BOOKMARK [3][-]{subsubsection.3.15.2.4}{\376\377\0003\000.\0001\0005\000.\0002\000.\0004\000\040\000h\000a\000n\000d\000l\000e\000\137\000w\000a\000i\000t\000\137\000c\000o\000m\000m\000a\000n\000d\000\050\000\051}{subsection.3.15.2}% 226
\BOOKMARK [3][-]{subsubsection.3.15.2.5}{\376\377\0003\000.\0001\0005\000.\0002\000.\0005\000\040\000p\000l\000a\000y\000i\000n\000g\000\137\000w\000o\000r\000k\000f\000l\000o\000w\000\050\000\051}{subsection.3.15.2}% 227
\BOOKMARK [3][-]{subsubsection.3.15.2.6}{\376\377\0003\000.\0001\0005\000.\0002\000.\0006\000\040\000p\000r\000o\000g\000r\000a\000m\000\137\000p\000a\000r\000s\000e\000r\000\050\000\051}{subsection.3.15.2}% 228
\BOOKMARK [3][-]{subsubsection.3.15.2.7}{\376\377\0003\000.\0001\0005\000.\0002\000.\0007\000\040\000r\000e\000c\000o\000r\000d\000i\000n\000g\000\137\000w\000o\000r\000k\000f\000l\000o\000w\000\050\000\051}{subsection.3.15.2}% 229
\BOOKMARK [3][-]{subsubsection.3.15.2.8}{\376\377\0003\000.\0001\0005\000.\0002\000.\0008\000\040\000s\000e\000n\000d\000i\000n\000g\000\137\000w\000o\000r\000k\000f\000l\000o\000w\000\050\000\051}{subsection.3.15.2}% 230
